1682724025119:list
1682793654239:help
1682793662378:list
1682795906332:l
1682795931668:g
1682795940685:g --1
1682795945370:g 1
1682798296147:l
1682798317944:g 1
1682798323746:d 1
1682798329200:l
1682798346134:c ddd 1 2
1682798714195:c xxx 1 2
1682798777797:c 'ggg' 1 2
1682798787499:c "ggg" 1 2
1682798813978:help
1682798834065:stacktrace
1682799381075:c aaa 1 2
1682799410753:c ddd 12
1682799460936:c aaa 1 1 1
1682799467532:l
1682803163772:c tttttttt 2 3
1682803168720:l
1682803187547:u 6 ggg
1682803215449:u 6 ggg 2 3
1682803259588:stacktrace
1682804985624:u 1 ffff 1 2
1682804997174:stacktrace
1682805130361:u 1 fffff 1 1
1682805142727:stacktrace
1682805339237:u 1 dddd 1 1
1682805350671:stacktrace
1682805623545:u  ssss 1 1
1682805666039:stacktrace
1682805796368:help
1682805863586:u bookId=1 bookName=hhhh authorId=1 styleId=1
1682805889683:u 1 d 1 1
1682805896618:l
1682810991841:c ddd 1 2 3
1682811006812:c [ddd,1,2,3]
1682811024048:c {aaa, 1, 2}
1682811034713:c [aaa, 1, 2]
1682811076129:c [1, aaa, 1, 2]
1682811126119:c new Book(0,ddd,1,2)
1682811718878:c {
1682811903708:c aaa 1 1
1682811906863:l
1682841167715:ะด
1682841169638:l
1682841180588:g 1
1682841185582:d 1
1682841188106:l
1682841200378:c ggggggg 1 1
1682841203073:l
1682841210519:g 6
1682841223754:u 6 HhH 1 1
1682841226914:g 1
1682841231751:g 6
1682841234787:l
1682842438748:u 1 ggg 1 1
1682842440633:l
1682842447568:d 1
1682842461032:l
1682842468235:c fff 1 1
1682842470520:l
1682842569909:g 1
1682842574136:g 2
1682842667797:l
1682842934664:c newBook 1 1
1682842938942:g 6
1682842948343:l
1682842967573:u 1 ggg 1 1
1682842968929:l
1682842976077:d 1
1682842978406:l
1682968834240:stacktrace
1682968964230:l
1682969012300:d 1
1682969122804:l
1682969125903:d 1
1682969130293:l
1682969138770:u 1 gggg 1 1
1682969143022:l
1682969204812:u 2 gggg 1 1
1682969209038:l
1682969219660:c fff 1 1
1682969221625:l
1682969225044:g 6
1683111686834:s
1683111713575:l
1683111746904:s
1683111944795:l
1683111952765:s
1683113452586:l
1683901025265:help
1683901035623:stacktrace
1683901407299:l
1683901817442:g 1
1683901838997:gcb 1
1683901859924:gc 1
1683901873250:gcb 1
1683903115964:stacktrace
1683914026014:l
1683914035361:g 1
1683914045963:gc 1
1683914059882:gcb 1
1683916064158:uc ttt
1683916077822:uc 2 ttt
1683916090251:gcb 1
1683916105499:dc 2
1683916122504:stacktrace
1683916226552:gcb 1
1683916233561:dc 2
1683916241331:gcb 1
1684054589112:l
1684054601553:c fff 1 1
1684054607249:l
1684056010929:c f 1 1
1684057673632:l
1684057701278:getComment 1
1684057720371:d 1
1684057730354:l
1684057737307:gc 1
1684057741094:gc 2
1684057743033:gc 3
